{
"/Users/colelawrence/Desktop/drone-setup/fantastic/src/app/about/about.component.ts":{"path":"/Users/colelawrence/Desktop/drone-setup/fantastic/src/app/about/about.component.ts","s":{"1":1,"2":1,"3":1,"4":0,"5":1,"6":2,"7":2,"8":1,"9":1,"10":1,"11":1,"12":1,"13":1,"14":1,"15":1,"16":1,"17":1,"18":1,"19":1,"20":1,"21":1},"b":{"1":[1,1,1],"2":[1,0],"3":[0,0],"4":[0,1],"5":[1,1],"6":[2,0],"7":[2,1],"8":[2,0],"9":[0,0],"10":[1,0,0],"11":[1,1,1],"12":[1,0],"13":[1,1]},"f":{"1":1,"2":1,"3":1,"4":1,"5":1,"6":0},"fnMap":{"1":{"name":"(anonymous_1)","line":2,"loc":{"start":{"line":2,"column":46},"end":{"line":2,"column":87}}},"2":{"name":"(anonymous_2)","line":8,"loc":{"start":{"line":8,"column":46},"end":{"line":8,"column":62}}},"3":{"name":"(anonymous_3)","line":18,"loc":{"start":{"line":18,"column":13},"end":{"line":18,"column":25}}},"4":{"name":"About","line":19,"loc":{"start":{"line":19,"column":4},"end":{"line":19,"column":21}}},"5":{"name":"(anonymous_5)","line":21,"loc":{"start":{"line":21,"column":31},"end":{"line":21,"column":43}}},"6":{"name":"(anonymous_6)","line":29,"loc":{"start":{"line":29,"column":43},"end":{"line":29,"column":55}}}},"statementMap":{"1":{"start":{"line":2,"column":0},"end":{"line":7,"column":2}},"2":{"start":{"line":3,"column":4},"end":{"line":3,"column":129}},"3":{"start":{"line":4,"column":4},"end":{"line":5,"column":150}},"4":{"start":{"line":4,"column":79},"end":{"line":4,"column":131}},"5":{"start":{"line":5,"column":9},"end":{"line":5,"column":150}},"6":{"start":{"line":5,"column":58},"end":{"line":5,"column":150}},"7":{"start":{"line":5,"column":81},"end":{"line":5,"column":150}},"8":{"start":{"line":6,"column":4},"end":{"line":6,"column":66}},"9":{"start":{"line":8,"column":0},"end":{"line":10,"column":2}},"10":{"start":{"line":9,"column":4},"end":{"line":9,"column":109}},"11":{"start":{"line":9,"column":79},"end":{"line":9,"column":109}},"12":{"start":{"line":11,"column":0},"end":{"line":11,"column":38}},"13":{"start":{"line":17,"column":0},"end":{"line":17,"column":55}},"14":{"start":{"line":18,"column":0},"end":{"line":52,"column":5}},"15":{"start":{"line":19,"column":4},"end":{"line":20,"column":5}},"16":{"start":{"line":21,"column":4},"end":{"line":28,"column":6}},"17":{"start":{"line":22,"column":8},"end":{"line":22,"column":47}},"18":{"start":{"line":29,"column":4},"end":{"line":42,"column":6}},"19":{"start":{"line":43,"column":4},"end":{"line":50,"column":14}},"20":{"start":{"line":51,"column":4},"end":{"line":51,"column":17}},"21":{"start":{"line":53,"column":0},"end":{"line":53,"column":22}}},"branchMap":{"1":{"line":2,"type":"binary-expr","locations":[{"start":{"line":2,"column":18},"end":{"line":2,"column":22}},{"start":{"line":2,"column":26},"end":{"line":2,"column":41}},{"start":{"line":2,"column":46},"end":{"line":7,"column":1}}]},"2":{"line":3,"type":"cond-expr","locations":[{"start":{"line":3,"column":42},"end":{"line":3,"column":48}},{"start":{"line":3,"column":51},"end":{"line":3,"column":125}}]},"3":{"line":3,"type":"cond-expr","locations":[{"start":{"line":3,"column":67},"end":{"line":3,"column":118}},{"start":{"line":3,"column":121},"end":{"line":3,"column":125}}]},"4":{"line":4,"type":"if","locations":[{"start":{"line":4,"column":4},"end":{"line":4,"column":4}},{"start":{"line":4,"column":4},"end":{"line":4,"column":4}}]},"5":{"line":4,"type":"binary-expr","locations":[{"start":{"line":4,"column":8},"end":{"line":4,"column":35}},{"start":{"line":4,"column":39},"end":{"line":4,"column":77}}]},"6":{"line":5,"type":"if","locations":[{"start":{"line":5,"column":58},"end":{"line":5,"column":58}},{"start":{"line":5,"column":58},"end":{"line":5,"column":58}}]},"7":{"line":5,"type":"binary-expr","locations":[{"start":{"line":5,"column":86},"end":{"line":5,"column":143}},{"start":{"line":5,"column":148},"end":{"line":5,"column":149}}]},"8":{"line":5,"type":"cond-expr","locations":[{"start":{"line":5,"column":94},"end":{"line":5,"column":98}},{"start":{"line":5,"column":101},"end":{"line":5,"column":143}}]},"9":{"line":5,"type":"cond-expr","locations":[{"start":{"line":5,"column":109},"end":{"line":5,"column":126}},{"start":{"line":5,"column":129},"end":{"line":5,"column":143}}]},"10":{"line":6,"type":"binary-expr","locations":[{"start":{"line":6,"column":11},"end":{"line":6,"column":16}},{"start":{"line":6,"column":20},"end":{"line":6,"column":21}},{"start":{"line":6,"column":25},"end":{"line":6,"column":62}}]},"11":{"line":8,"type":"binary-expr","locations":[{"start":{"line":8,"column":18},"end":{"line":8,"column":22}},{"start":{"line":8,"column":26},"end":{"line":8,"column":41}},{"start":{"line":8,"column":46},"end":{"line":10,"column":1}}]},"12":{"line":9,"type":"if","locations":[{"start":{"line":9,"column":4},"end":{"line":9,"column":4}},{"start":{"line":9,"column":4},"end":{"line":9,"column":4}}]},"13":{"line":9,"type":"binary-expr","locations":[{"start":{"line":9,"column":8},"end":{"line":9,"column":35}},{"start":{"line":9,"column":39},"end":{"line":9,"column":77}}]}},"code":["\"use strict\";","var __decorate = (this && this.__decorate) || function (decorators, target, key, desc) {","    var c = arguments.length, r = c < 3 ? target : desc === null ? desc = Object.getOwnPropertyDescriptor(target, key) : desc, d;","    if (typeof Reflect === \"object\" && typeof Reflect.decorate === \"function\") r = Reflect.decorate(decorators, target, key, desc);","    else for (var i = decorators.length - 1; i >= 0; i--) if (d = decorators[i]) r = (c < 3 ? d(r) : c > 3 ? d(target, key, r) : d(target, key)) || r;","    return c > 3 && r && Object.defineProperty(target, key, r), r;","};","var __metadata = (this && this.__metadata) || function (k, v) {","    if (typeof Reflect === \"object\" && typeof Reflect.metadata === \"function\") return Reflect.metadata(k, v);","};","var core_1 = require('angular2/core');","/*"," * We're loading this component asynchronously"," * We are using some magic with es6-promise-loader that will wrap the module with a Promise"," * see https://github.com/gdi2290/es6-promise-loader for more info"," */","console.log('`About` component loaded asynchronously');","var About = (function () {","    function About() {","    }","    About.prototype.ngOnInit = function () {","        console.log('hello `About` component');","        // static data that is bundled","        // var mockData = require('assets/mock-data/mock-data.json');","        // console.log('mockData', mockData);","        // if you're working with mock data you can also use http.get('assets/mock-data/mock-data.json')","        // this.asyncDataWithWebpack();","    };","    About.prototype.asyncDataWithWebpack = function () {","        // you can also async load mock data with 'es6-promise-loader'","        // you would do this if you don't want the mock-data bundled","        // remember that 'es6-promise-loader' is a promise","        // var asyncMockDataPromiseFactory = require('es6-promise!assets/mock-data/mock-data.json');","        // setTimeout(() => {","        //","        //   let asyncDataPromise = asyncMockDataPromiseFactory();","        //   asyncDataPromise.then(json => {","        //     console.log('async mockData', json);","        //   });","        //","        // });","    };","    About = __decorate([","        core_1.Component({","            selector: 'about',","            styles: [\"\\n    h1 {\\n      font-family: Arial, Helvetica, sans-serif\\n    }\\n  \"],","            template: \"\\n  <md-card>\\n    <h1>\\n      patrick@AngularClass.com\\n    </h1>\\n  </md-card>\\n\\n  \"","        }), ","        __metadata('design:paramtypes', [])","    ], About);","    return About;","}());","exports.About = About;",""],"l":{"2":1,"3":1,"4":1,"5":2,"6":1,"8":1,"9":1,"11":1,"17":1,"18":1,"19":1,"21":1,"22":1,"29":1,"43":1,"51":1,"53":1}},
"/Users/colelawrence/Desktop/drone-setup/fantastic/src/app/app.component.ts":{"path":"/Users/colelawrence/Desktop/drone-setup/fantastic/src/app/app.component.ts","s":{"1":1,"2":1,"3":1,"4":0,"5":1,"6":3,"7":3,"8":1,"9":1,"10":1,"11":1,"12":1,"13":1,"14":1,"15":1,"16":1,"17":1,"18":1,"19":1,"20":1,"21":1,"22":1,"23":1,"24":0,"25":1,"26":0,"27":1,"28":1},"b":{"1":[1,1,1],"2":[1,0],"3":[0,0],"4":[0,1],"5":[1,1],"6":[3,0],"7":[3,1],"8":[3,0],"9":[0,0],"10":[1,0,0],"11":[1,1,1],"12":[1,0],"13":[1,1]},"f":{"1":1,"2":1,"3":1,"4":1,"5":0,"6":0},"fnMap":{"1":{"name":"(anonymous_1)","line":2,"loc":{"start":{"line":2,"column":46},"end":{"line":2,"column":87}}},"2":{"name":"(anonymous_2)","line":8,"loc":{"start":{"line":8,"column":46},"end":{"line":8,"column":62}}},"3":{"name":"(anonymous_3)","line":23,"loc":{"start":{"line":23,"column":11},"end":{"line":23,"column":23}}},"4":{"name":"App","line":24,"loc":{"start":{"line":24,"column":4},"end":{"line":24,"column":27}}},"5":{"name":"(anonymous_5)","line":30,"loc":{"start":{"line":30,"column":29},"end":{"line":30,"column":41}}},"6":{"name":"(anonymous_6)","line":47,"loc":{"start":{"line":47,"column":53},"end":{"line":47,"column":65}}}},"statementMap":{"1":{"start":{"line":2,"column":0},"end":{"line":7,"column":2}},"2":{"start":{"line":3,"column":4},"end":{"line":3,"column":129}},"3":{"start":{"line":4,"column":4},"end":{"line":5,"column":150}},"4":{"start":{"line":4,"column":79},"end":{"line":4,"column":131}},"5":{"start":{"line":5,"column":9},"end":{"line":5,"column":150}},"6":{"start":{"line":5,"column":58},"end":{"line":5,"column":150}},"7":{"start":{"line":5,"column":81},"end":{"line":5,"column":150}},"8":{"start":{"line":6,"column":4},"end":{"line":6,"column":66}},"9":{"start":{"line":8,"column":0},"end":{"line":10,"column":2}},"10":{"start":{"line":9,"column":4},"end":{"line":9,"column":109}},"11":{"start":{"line":9,"column":79},"end":{"line":9,"column":109}},"12":{"start":{"line":14,"column":0},"end":{"line":14,"column":38}},"13":{"start":{"line":15,"column":0},"end":{"line":15,"column":42}},"14":{"start":{"line":16,"column":0},"end":{"line":16,"column":31}},"15":{"start":{"line":17,"column":0},"end":{"line":17,"column":45}},"16":{"start":{"line":18,"column":0},"end":{"line":18,"column":49}},"17":{"start":{"line":23,"column":0},"end":{"line":52,"column":5}},"18":{"start":{"line":24,"column":4},"end":{"line":29,"column":5}},"19":{"start":{"line":25,"column":8},"end":{"line":25,"column":33}},"20":{"start":{"line":26,"column":8},"end":{"line":26,"column":69}},"21":{"start":{"line":27,"column":8},"end":{"line":27,"column":48}},"22":{"start":{"line":28,"column":8},"end":{"line":28,"column":54}},"23":{"start":{"line":30,"column":4},"end":{"line":32,"column":6}},"24":{"start":{"line":31,"column":8},"end":{"line":31,"column":62}},"25":{"start":{"line":33,"column":4},"end":{"line":50,"column":12}},"26":{"start":{"line":47,"column":67},"end":{"line":47,"column":114}},"27":{"start":{"line":51,"column":4},"end":{"line":51,"column":15}},"28":{"start":{"line":53,"column":0},"end":{"line":53,"column":18}}},"branchMap":{"1":{"line":2,"type":"binary-expr","locations":[{"start":{"line":2,"column":18},"end":{"line":2,"column":22}},{"start":{"line":2,"column":26},"end":{"line":2,"column":41}},{"start":{"line":2,"column":46},"end":{"line":7,"column":1}}]},"2":{"line":3,"type":"cond-expr","locations":[{"start":{"line":3,"column":42},"end":{"line":3,"column":48}},{"start":{"line":3,"column":51},"end":{"line":3,"column":125}}]},"3":{"line":3,"type":"cond-expr","locations":[{"start":{"line":3,"column":67},"end":{"line":3,"column":118}},{"start":{"line":3,"column":121},"end":{"line":3,"column":125}}]},"4":{"line":4,"type":"if","locations":[{"start":{"line":4,"column":4},"end":{"line":4,"column":4}},{"start":{"line":4,"column":4},"end":{"line":4,"column":4}}]},"5":{"line":4,"type":"binary-expr","locations":[{"start":{"line":4,"column":8},"end":{"line":4,"column":35}},{"start":{"line":4,"column":39},"end":{"line":4,"column":77}}]},"6":{"line":5,"type":"if","locations":[{"start":{"line":5,"column":58},"end":{"line":5,"column":58}},{"start":{"line":5,"column":58},"end":{"line":5,"column":58}}]},"7":{"line":5,"type":"binary-expr","locations":[{"start":{"line":5,"column":86},"end":{"line":5,"column":143}},{"start":{"line":5,"column":148},"end":{"line":5,"column":149}}]},"8":{"line":5,"type":"cond-expr","locations":[{"start":{"line":5,"column":94},"end":{"line":5,"column":98}},{"start":{"line":5,"column":101},"end":{"line":5,"column":143}}]},"9":{"line":5,"type":"cond-expr","locations":[{"start":{"line":5,"column":109},"end":{"line":5,"column":126}},{"start":{"line":5,"column":129},"end":{"line":5,"column":143}}]},"10":{"line":6,"type":"binary-expr","locations":[{"start":{"line":6,"column":11},"end":{"line":6,"column":16}},{"start":{"line":6,"column":20},"end":{"line":6,"column":21}},{"start":{"line":6,"column":25},"end":{"line":6,"column":62}}]},"11":{"line":8,"type":"binary-expr","locations":[{"start":{"line":8,"column":18},"end":{"line":8,"column":22}},{"start":{"line":8,"column":26},"end":{"line":8,"column":41}},{"start":{"line":8,"column":46},"end":{"line":10,"column":1}}]},"12":{"line":9,"type":"if","locations":[{"start":{"line":9,"column":4},"end":{"line":9,"column":4}},{"start":{"line":9,"column":4},"end":{"line":9,"column":4}}]},"13":{"line":9,"type":"binary-expr","locations":[{"start":{"line":9,"column":8},"end":{"line":9,"column":35}},{"start":{"line":9,"column":39},"end":{"line":9,"column":77}}]}},"code":["\"use strict\";","var __decorate = (this && this.__decorate) || function (decorators, target, key, desc) {","    var c = arguments.length, r = c < 3 ? target : desc === null ? desc = Object.getOwnPropertyDescriptor(target, key) : desc, d;","    if (typeof Reflect === \"object\" && typeof Reflect.decorate === \"function\") r = Reflect.decorate(decorators, target, key, desc);","    else for (var i = decorators.length - 1; i >= 0; i--) if (d = decorators[i]) r = (c < 3 ? d(r) : c > 3 ? d(target, key, r) : d(target, key)) || r;","    return c > 3 && r && Object.defineProperty(target, key, r), r;","};","var __metadata = (this && this.__metadata) || function (k, v) {","    if (typeof Reflect === \"object\" && typeof Reflect.metadata === \"function\") return Reflect.metadata(k, v);","};","/*"," * Angular 2 decorators and services"," */","var core_1 = require('angular2/core');","var router_1 = require('angular2/router');","var home_1 = require('./home');","var app_service_1 = require('./app.service');","var router_active_1 = require('./router-active');","/*"," * App Component"," * Top Level Component"," */","var App = (function () {","    function App(appState) {","        this.appState = appState;","        this.angularclassLogo = 'assets/img/angularclass-avatar.png';","        this.name = 'Angular 2 Webpack Starter';","        this.url = 'https://twitter.com/AngularClass';","    }","    App.prototype.ngOnInit = function () {","        console.log('Initial App State', this.appState.state);","    };","    App = __decorate([","        core_1.Component({","            selector: 'app',","            pipes: [],","            providers: [],","            directives: [router_active_1.RouterActive],","            encapsulation: core_1.ViewEncapsulation.None,","            styles: [\"\\n    body {\\n      margin: 0;\\n    }\\n    md-toolbar ul {\\n      display: inline;\\n      list-style-type: none;\\n      margin: 0;\\n      padding: 0;\\n      width: 60px;\\n    }\\n    md-toolbar li {\\n      display: inline;\\n    }\\n    md-toolbar li.active {\\n      background-color: lightgray;\\n    }\\n  \"],","            template: \"\\n    <md-toolbar color=\\\"primary\\\">\\n      <span>{{ name }}</span>\\n      <nav>\\n        <ul>\\n          <li router-active>\\n            <a [routerLink]=\\\" ['Index'] \\\">Index</a>\\n          </li>\\n          |\\n          <li router-active>\\n            <a [routerLink]=\\\" ['Home'] \\\">Home</a>\\n          </li>\\n          |\\n          <li router-active>\\n            <a [routerLink]=\\\" ['About'] \\\">About</a>\\n          </li>\\n        </ul>\\n      </nav>\\n    </md-toolbar>\\n\\n    <main>\\n      <router-outlet></router-outlet>\\n    </main>\\n\\n    <pre>this.appState.state = {{ appState.state | json }}</pre>\\n\\n    <footer>\\n      WebPack Angular 2 Starter by <a [href]=\\\"url\\\">@AngularClass</a>\\n      <div>\\n        <img [src]=\\\"angularclassLogo\\\" width=\\\"10%\\\">\\n      </div>\\n    </footer>\\n  \"","        }),","        router_1.RouteConfig([","            { path: '/', name: 'Index', component: home_1.Home, useAsDefault: true },","            { path: '/home', name: 'Home', component: home_1.Home },","            // Async load a component using Webpack's require with es6-promise-loader and webpack `require`","            { path: '/about', name: 'About', loader: function () { return require('es6-promise!./about')('About'); } },","        ]), ","        __metadata('design:paramtypes', [app_service_1.AppState])","    ], App);","    return App;","}());","exports.App = App;","/*"," * Please review the https://github.com/AngularClass/angular2-examples/ repo for"," * more angular app examples that you may copy/paste"," * (The examples may not be updated as quickly. Please open an issue on github for us to update it)"," * For help or questions please contact us at @AngularClass on twitter"," * or our chat on Slack at https://AngularClass.com/slack-join"," */",""],"l":{"2":1,"3":1,"4":1,"5":3,"6":1,"8":1,"9":1,"14":1,"15":1,"16":1,"17":1,"18":1,"23":1,"24":1,"25":1,"26":1,"27":1,"28":1,"30":1,"31":0,"33":1,"47":0,"51":1,"53":1}},
"/Users/colelawrence/Desktop/drone-setup/fantastic/src/app/home/index.ts":{"path":"/Users/colelawrence/Desktop/drone-setup/fantastic/src/app/home/index.ts","s":{"1":1,"2":1,"3":1,"4":1,"5":1},"b":{"1":[1,0]},"f":{"1":1},"fnMap":{"1":{"name":"__export","line":2,"loc":{"start":{"line":2,"column":0},"end":{"line":2,"column":21}}}},"statementMap":{"1":{"start":{"line":2,"column":0},"end":{"line":4,"column":1}},"2":{"start":{"line":3,"column":4},"end":{"line":3,"column":71}},"3":{"start":{"line":3,"column":21},"end":{"line":3,"column":71}},"4":{"start":{"line":3,"column":53},"end":{"line":3,"column":71}},"5":{"start":{"line":5,"column":0},"end":{"line":5,"column":38}}},"branchMap":{"1":{"line":3,"type":"if","locations":[{"start":{"line":3,"column":21},"end":{"line":3,"column":21}},{"start":{"line":3,"column":21},"end":{"line":3,"column":21}}]}},"code":["\"use strict\";","function __export(m) {","    for (var p in m) if (!exports.hasOwnProperty(p)) exports[p] = m[p];","}","__export(require('./home.component'));",""],"l":{"2":1,"3":1,"5":1}},
"/Users/colelawrence/Desktop/drone-setup/fantastic/src/app/home/home.component.ts":{"path":"/Users/colelawrence/Desktop/drone-setup/fantastic/src/app/home/home.component.ts","s":{"1":1,"2":1,"3":1,"4":0,"5":1,"6":2,"7":2,"8":1,"9":1,"10":1,"11":1,"12":1,"13":1,"14":1,"15":1,"16":1,"17":1,"18":3,"19":3,"20":3,"21":1,"22":1,"23":1,"24":0,"25":0,"26":1,"27":1,"28":1},"b":{"1":[1,1,1],"2":[1,0],"3":[0,0],"4":[0,1],"5":[1,1],"6":[2,0],"7":[2,1],"8":[2,0],"9":[0,0],"10":[1,0,0],"11":[1,1,1],"12":[1,0],"13":[1,1]},"f":{"1":1,"2":1,"3":1,"4":3,"5":1,"6":0},"fnMap":{"1":{"name":"(anonymous_1)","line":2,"loc":{"start":{"line":2,"column":46},"end":{"line":2,"column":87}}},"2":{"name":"(anonymous_2)","line":8,"loc":{"start":{"line":8,"column":46},"end":{"line":8,"column":62}}},"3":{"name":"(anonymous_3)","line":15,"loc":{"start":{"line":15,"column":12},"end":{"line":15,"column":24}}},"4":{"name":"Home","line":17,"loc":{"start":{"line":17,"column":4},"end":{"line":17,"column":35}}},"5":{"name":"(anonymous_5)","line":23,"loc":{"start":{"line":23,"column":30},"end":{"line":23,"column":42}}},"6":{"name":"(anonymous_6)","line":27,"loc":{"start":{"line":27,"column":33},"end":{"line":27,"column":50}}}},"statementMap":{"1":{"start":{"line":2,"column":0},"end":{"line":7,"column":2}},"2":{"start":{"line":3,"column":4},"end":{"line":3,"column":129}},"3":{"start":{"line":4,"column":4},"end":{"line":5,"column":150}},"4":{"start":{"line":4,"column":79},"end":{"line":4,"column":131}},"5":{"start":{"line":5,"column":9},"end":{"line":5,"column":150}},"6":{"start":{"line":5,"column":58},"end":{"line":5,"column":150}},"7":{"start":{"line":5,"column":81},"end":{"line":5,"column":150}},"8":{"start":{"line":6,"column":4},"end":{"line":6,"column":66}},"9":{"start":{"line":8,"column":0},"end":{"line":10,"column":2}},"10":{"start":{"line":9,"column":4},"end":{"line":9,"column":109}},"11":{"start":{"line":9,"column":79},"end":{"line":9,"column":109}},"12":{"start":{"line":11,"column":0},"end":{"line":11,"column":38}},"13":{"start":{"line":12,"column":0},"end":{"line":12,"column":46}},"14":{"start":{"line":13,"column":0},"end":{"line":13,"column":33}},"15":{"start":{"line":14,"column":0},"end":{"line":14,"column":37}},"16":{"start":{"line":15,"column":0},"end":{"line":56,"column":5}},"17":{"start":{"line":17,"column":4},"end":{"line":22,"column":5}},"18":{"start":{"line":18,"column":8},"end":{"line":18,"column":33}},"19":{"start":{"line":19,"column":8},"end":{"line":19,"column":27}},"20":{"start":{"line":21,"column":8},"end":{"line":21,"column":40}},"21":{"start":{"line":23,"column":4},"end":{"line":26,"column":6}},"22":{"start":{"line":24,"column":8},"end":{"line":24,"column":46}},"23":{"start":{"line":27,"column":4},"end":{"line":30,"column":6}},"24":{"start":{"line":28,"column":8},"end":{"line":28,"column":42}},"25":{"start":{"line":29,"column":8},"end":{"line":29,"column":42}},"26":{"start":{"line":31,"column":4},"end":{"line":54,"column":13}},"27":{"start":{"line":55,"column":4},"end":{"line":55,"column":16}},"28":{"start":{"line":57,"column":0},"end":{"line":57,"column":20}}},"branchMap":{"1":{"line":2,"type":"binary-expr","locations":[{"start":{"line":2,"column":18},"end":{"line":2,"column":22}},{"start":{"line":2,"column":26},"end":{"line":2,"column":41}},{"start":{"line":2,"column":46},"end":{"line":7,"column":1}}]},"2":{"line":3,"type":"cond-expr","locations":[{"start":{"line":3,"column":42},"end":{"line":3,"column":48}},{"start":{"line":3,"column":51},"end":{"line":3,"column":125}}]},"3":{"line":3,"type":"cond-expr","locations":[{"start":{"line":3,"column":67},"end":{"line":3,"column":118}},{"start":{"line":3,"column":121},"end":{"line":3,"column":125}}]},"4":{"line":4,"type":"if","locations":[{"start":{"line":4,"column":4},"end":{"line":4,"column":4}},{"start":{"line":4,"column":4},"end":{"line":4,"column":4}}]},"5":{"line":4,"type":"binary-expr","locations":[{"start":{"line":4,"column":8},"end":{"line":4,"column":35}},{"start":{"line":4,"column":39},"end":{"line":4,"column":77}}]},"6":{"line":5,"type":"if","locations":[{"start":{"line":5,"column":58},"end":{"line":5,"column":58}},{"start":{"line":5,"column":58},"end":{"line":5,"column":58}}]},"7":{"line":5,"type":"binary-expr","locations":[{"start":{"line":5,"column":86},"end":{"line":5,"column":143}},{"start":{"line":5,"column":148},"end":{"line":5,"column":149}}]},"8":{"line":5,"type":"cond-expr","locations":[{"start":{"line":5,"column":94},"end":{"line":5,"column":98}},{"start":{"line":5,"column":101},"end":{"line":5,"column":143}}]},"9":{"line":5,"type":"cond-expr","locations":[{"start":{"line":5,"column":109},"end":{"line":5,"column":126}},{"start":{"line":5,"column":129},"end":{"line":5,"column":143}}]},"10":{"line":6,"type":"binary-expr","locations":[{"start":{"line":6,"column":11},"end":{"line":6,"column":16}},{"start":{"line":6,"column":20},"end":{"line":6,"column":21}},{"start":{"line":6,"column":25},"end":{"line":6,"column":62}}]},"11":{"line":8,"type":"binary-expr","locations":[{"start":{"line":8,"column":18},"end":{"line":8,"column":22}},{"start":{"line":8,"column":26},"end":{"line":8,"column":41}},{"start":{"line":8,"column":46},"end":{"line":10,"column":1}}]},"12":{"line":9,"type":"if","locations":[{"start":{"line":9,"column":4},"end":{"line":9,"column":4}},{"start":{"line":9,"column":4},"end":{"line":9,"column":4}}]},"13":{"line":9,"type":"binary-expr","locations":[{"start":{"line":9,"column":8},"end":{"line":9,"column":35}},{"start":{"line":9,"column":39},"end":{"line":9,"column":77}}]}},"code":["\"use strict\";","var __decorate = (this && this.__decorate) || function (decorators, target, key, desc) {","    var c = arguments.length, r = c < 3 ? target : desc === null ? desc = Object.getOwnPropertyDescriptor(target, key) : desc, d;","    if (typeof Reflect === \"object\" && typeof Reflect.decorate === \"function\") r = Reflect.decorate(decorators, target, key, desc);","    else for (var i = decorators.length - 1; i >= 0; i--) if (d = decorators[i]) r = (c < 3 ? d(r) : c > 3 ? d(target, key, r) : d(target, key)) || r;","    return c > 3 && r && Object.defineProperty(target, key, r), r;","};","var __metadata = (this && this.__metadata) || function (k, v) {","    if (typeof Reflect === \"object\" && typeof Reflect.metadata === \"function\") return Reflect.metadata(k, v);","};","var core_1 = require('angular2/core');","var app_service_1 = require('../app.service');","var title_1 = require('./title');","var x_large_1 = require('./x-large');","var Home = (function () {","    // TypeScript public modifiers","    function Home(appState, title) {","        this.appState = appState;","        this.title = title;","        // Set our default values","        this.localState = { value: '' };","    }","    Home.prototype.ngOnInit = function () {","        console.log('hello `Home` component');","        // this.title.getData().subscribe(data => this.data = data);","    };","    Home.prototype.submitState = function (value) {","        console.log('submitState', value);","        this.appState.set('value', value);","    };","    Home = __decorate([","        core_1.Component({","            // The selector is what angular internally uses","            // for `document.querySelectorAll(selector)` in our index.html","            // where, in this case, selector is the string 'home'","            selector: 'home',","            // We need to tell Angular's Dependency Injection which providers are in our app.","            providers: [","                title_1.Title","            ],","            // We need to tell Angular's compiler which directives are in our template.","            // Doing so will allow Angular to attach our behavior to an element","            directives: [","                x_large_1.XLarge","            ],","            // We need to tell Angular's compiler which custom pipes are in our template.","            pipes: [],","            // Our list of styles in our component. We may add more to compose many styles together","            styles: [require('./home.css')],","            // Every Angular template is first compiled by the browser before Angular runs it's compiler","            template: require('./home.html')","        }), ","        __metadata('design:paramtypes', [app_service_1.AppState, title_1.Title])","    ], Home);","    return Home;","}());","exports.Home = Home;",""],"l":{"2":1,"3":1,"4":1,"5":2,"6":1,"8":1,"9":1,"11":1,"12":1,"13":1,"14":1,"15":1,"17":1,"18":3,"19":3,"21":3,"23":1,"24":1,"27":1,"28":0,"29":0,"31":1,"55":1,"57":1}},
"/Users/colelawrence/Desktop/drone-setup/fantastic/src/app/app.service.ts":{"path":"/Users/colelawrence/Desktop/drone-setup/fantastic/src/app/app.service.ts","s":{"1":1,"2":2,"3":2,"4":0,"5":2,"6":4,"7":4,"8":2,"9":1,"10":2,"11":2,"12":1,"13":1,"14":1,"15":1,"16":4,"17":1,"18":0,"19":0,"20":1,"21":0,"22":0,"23":1,"24":0,"25":1,"26":0,"27":1,"28":1,"29":1,"30":1},"b":{"1":[1,1,1],"2":[1,1],"3":[0,1],"4":[0,2],"5":[2,2],"6":[4,0],"7":[4,3],"8":[2,2],"9":[2,0],"10":[2,1,0],"11":[1,1,1],"12":[2,0],"13":[2,2],"14":[0,0]},"f":{"1":2,"2":2,"3":1,"4":4,"5":0,"6":0,"7":0,"8":0,"9":0},"fnMap":{"1":{"name":"(anonymous_1)","line":2,"loc":{"start":{"line":2,"column":46},"end":{"line":2,"column":87}}},"2":{"name":"(anonymous_2)","line":8,"loc":{"start":{"line":8,"column":46},"end":{"line":8,"column":62}}},"3":{"name":"(anonymous_3)","line":13,"loc":{"start":{"line":13,"column":16},"end":{"line":13,"column":28}}},"4":{"name":"AppState","line":14,"loc":{"start":{"line":14,"column":4},"end":{"line":14,"column":24}}},"5":{"name":"(anonymous_5)","line":20,"loc":{"start":{"line":20,"column":13},"end":{"line":20,"column":25}}},"6":{"name":"(anonymous_6)","line":24,"loc":{"start":{"line":24,"column":13},"end":{"line":24,"column":30}}},"7":{"name":"(anonymous_7)","line":30,"loc":{"start":{"line":30,"column":29},"end":{"line":30,"column":45}}},"8":{"name":"(anonymous_8)","line":35,"loc":{"start":{"line":35,"column":29},"end":{"line":35,"column":52}}},"9":{"name":"(anonymous_9)","line":39,"loc":{"start":{"line":39,"column":32},"end":{"line":39,"column":50}}}},"statementMap":{"1":{"start":{"line":2,"column":0},"end":{"line":7,"column":2}},"2":{"start":{"line":3,"column":4},"end":{"line":3,"column":129}},"3":{"start":{"line":4,"column":4},"end":{"line":5,"column":150}},"4":{"start":{"line":4,"column":79},"end":{"line":4,"column":131}},"5":{"start":{"line":5,"column":9},"end":{"line":5,"column":150}},"6":{"start":{"line":5,"column":58},"end":{"line":5,"column":150}},"7":{"start":{"line":5,"column":81},"end":{"line":5,"column":150}},"8":{"start":{"line":6,"column":4},"end":{"line":6,"column":66}},"9":{"start":{"line":8,"column":0},"end":{"line":10,"column":2}},"10":{"start":{"line":9,"column":4},"end":{"line":9,"column":109}},"11":{"start":{"line":9,"column":79},"end":{"line":9,"column":109}},"12":{"start":{"line":11,"column":0},"end":{"line":11,"column":38}},"13":{"start":{"line":12,"column":0},"end":{"line":12,"column":45}},"14":{"start":{"line":13,"column":0},"end":{"line":52,"column":5}},"15":{"start":{"line":14,"column":4},"end":{"line":17,"column":5}},"16":{"start":{"line":16,"column":8},"end":{"line":16,"column":25}},"17":{"start":{"line":18,"column":4},"end":{"line":29,"column":7}},"18":{"start":{"line":21,"column":12},"end":{"line":21,"column":58}},"19":{"start":{"line":25,"column":12},"end":{"line":25,"column":67}},"20":{"start":{"line":30,"column":4},"end":{"line":34,"column":6}},"21":{"start":{"line":32,"column":8},"end":{"line":32,"column":31}},"22":{"start":{"line":33,"column":8},"end":{"line":33,"column":36}},"23":{"start":{"line":35,"column":4},"end":{"line":38,"column":6}},"24":{"start":{"line":37,"column":8},"end":{"line":37,"column":41}},"25":{"start":{"line":39,"column":4},"end":{"line":42,"column":6}},"26":{"start":{"line":41,"column":8},"end":{"line":41,"column":50}},"27":{"start":{"line":43,"column":4},"end":{"line":46,"column":45}},"28":{"start":{"line":47,"column":4},"end":{"line":50,"column":17}},"29":{"start":{"line":51,"column":4},"end":{"line":51,"column":20}},"30":{"start":{"line":53,"column":0},"end":{"line":53,"column":28}}},"branchMap":{"1":{"line":2,"type":"binary-expr","locations":[{"start":{"line":2,"column":18},"end":{"line":2,"column":22}},{"start":{"line":2,"column":26},"end":{"line":2,"column":41}},{"start":{"line":2,"column":46},"end":{"line":7,"column":1}}]},"2":{"line":3,"type":"cond-expr","locations":[{"start":{"line":3,"column":42},"end":{"line":3,"column":48}},{"start":{"line":3,"column":51},"end":{"line":3,"column":125}}]},"3":{"line":3,"type":"cond-expr","locations":[{"start":{"line":3,"column":67},"end":{"line":3,"column":118}},{"start":{"line":3,"column":121},"end":{"line":3,"column":125}}]},"4":{"line":4,"type":"if","locations":[{"start":{"line":4,"column":4},"end":{"line":4,"column":4}},{"start":{"line":4,"column":4},"end":{"line":4,"column":4}}]},"5":{"line":4,"type":"binary-expr","locations":[{"start":{"line":4,"column":8},"end":{"line":4,"column":35}},{"start":{"line":4,"column":39},"end":{"line":4,"column":77}}]},"6":{"line":5,"type":"if","locations":[{"start":{"line":5,"column":58},"end":{"line":5,"column":58}},{"start":{"line":5,"column":58},"end":{"line":5,"column":58}}]},"7":{"line":5,"type":"binary-expr","locations":[{"start":{"line":5,"column":86},"end":{"line":5,"column":143}},{"start":{"line":5,"column":148},"end":{"line":5,"column":149}}]},"8":{"line":5,"type":"cond-expr","locations":[{"start":{"line":5,"column":94},"end":{"line":5,"column":98}},{"start":{"line":5,"column":101},"end":{"line":5,"column":143}}]},"9":{"line":5,"type":"cond-expr","locations":[{"start":{"line":5,"column":109},"end":{"line":5,"column":126}},{"start":{"line":5,"column":129},"end":{"line":5,"column":143}}]},"10":{"line":6,"type":"binary-expr","locations":[{"start":{"line":6,"column":11},"end":{"line":6,"column":16}},{"start":{"line":6,"column":20},"end":{"line":6,"column":21}},{"start":{"line":6,"column":25},"end":{"line":6,"column":62}}]},"11":{"line":8,"type":"binary-expr","locations":[{"start":{"line":8,"column":18},"end":{"line":8,"column":22}},{"start":{"line":8,"column":26},"end":{"line":8,"column":41}},{"start":{"line":8,"column":46},"end":{"line":10,"column":1}}]},"12":{"line":9,"type":"if","locations":[{"start":{"line":9,"column":4},"end":{"line":9,"column":4}},{"start":{"line":9,"column":4},"end":{"line":9,"column":4}}]},"13":{"line":9,"type":"binary-expr","locations":[{"start":{"line":9,"column":8},"end":{"line":9,"column":35}},{"start":{"line":9,"column":39},"end":{"line":9,"column":77}}]},"14":{"line":33,"type":"binary-expr","locations":[{"start":{"line":33,"column":15},"end":{"line":33,"column":26}},{"start":{"line":33,"column":30},"end":{"line":33,"column":35}}]}},"code":["\"use strict\";","var __decorate = (this && this.__decorate) || function (decorators, target, key, desc) {","    var c = arguments.length, r = c < 3 ? target : desc === null ? desc = Object.getOwnPropertyDescriptor(target, key) : desc, d;","    if (typeof Reflect === \"object\" && typeof Reflect.decorate === \"function\") r = Reflect.decorate(decorators, target, key, desc);","    else for (var i = decorators.length - 1; i >= 0; i--) if (d = decorators[i]) r = (c < 3 ? d(r) : c > 3 ? d(target, key, r) : d(target, key)) || r;","    return c > 3 && r && Object.defineProperty(target, key, r), r;","};","var __metadata = (this && this.__metadata) || function (k, v) {","    if (typeof Reflect === \"object\" && typeof Reflect.metadata === \"function\") return Reflect.metadata(k, v);","};","var core_1 = require('angular2/core');","var angular2_hmr_1 = require('angular2-hmr');","var AppState = (function () {","    function AppState() {","        // HmrState uis used by HMR to track the any state during reloading","        this._state = {};","    }","    Object.defineProperty(AppState.prototype, \"state\", {","        // already return a clone of the current state","        get: function () {","            return this._state = this._clone(this._state);","        },","        // never allow mutation","        set: function (value) {","            throw new Error('do not mutate the `.state` directly');","        },","        enumerable: true,","        configurable: true","    });","    AppState.prototype.get = function (prop) {","        // use our state getter for the clone","        var state = this.state;","        return state[prop] || state;","    };","    AppState.prototype.set = function (prop, value) {","        // internally mutate our state","        return this._state[prop] = value;","    };","    AppState.prototype._clone = function (object) {","        // simple object clone","        return JSON.parse(JSON.stringify(object));","    };","    __decorate([","        angular2_hmr_1.HmrState(), ","        __metadata('design:type', Object)","    ], AppState.prototype, \"_state\", void 0);","    AppState = __decorate([","        core_1.Injectable(), ","        __metadata('design:paramtypes', [])","    ], AppState);","    return AppState;","}());","exports.AppState = AppState;",""],"l":{"2":1,"3":2,"4":2,"5":4,"6":2,"8":1,"9":2,"11":1,"12":1,"13":1,"14":1,"16":4,"18":1,"21":0,"25":0,"30":1,"32":0,"33":0,"35":1,"37":0,"39":1,"41":0,"43":1,"47":1,"51":1,"53":1}},
"/Users/colelawrence/Desktop/drone-setup/fantastic/src/app/home/title/index.ts":{"path":"/Users/colelawrence/Desktop/drone-setup/fantastic/src/app/home/title/index.ts","s":{"1":1,"2":1,"3":1,"4":1,"5":1},"b":{"1":[1,0]},"f":{"1":1},"fnMap":{"1":{"name":"__export","line":2,"loc":{"start":{"line":2,"column":0},"end":{"line":2,"column":21}}}},"statementMap":{"1":{"start":{"line":2,"column":0},"end":{"line":4,"column":1}},"2":{"start":{"line":3,"column":4},"end":{"line":3,"column":71}},"3":{"start":{"line":3,"column":21},"end":{"line":3,"column":71}},"4":{"start":{"line":3,"column":53},"end":{"line":3,"column":71}},"5":{"start":{"line":5,"column":0},"end":{"line":5,"column":37}}},"branchMap":{"1":{"line":3,"type":"if","locations":[{"start":{"line":3,"column":21},"end":{"line":3,"column":21}},{"start":{"line":3,"column":21},"end":{"line":3,"column":21}}]}},"code":["\"use strict\";","function __export(m) {","    for (var p in m) if (!exports.hasOwnProperty(p)) exports[p] = m[p];","}","__export(require('./title.service'));",""],"l":{"2":1,"3":1,"5":1}},
"/Users/colelawrence/Desktop/drone-setup/fantastic/src/app/home/title/title.service.ts":{"path":"/Users/colelawrence/Desktop/drone-setup/fantastic/src/app/home/title/title.service.ts","s":{"1":1,"2":1,"3":1,"4":0,"5":1,"6":2,"7":2,"8":1,"9":1,"10":1,"11":1,"12":1,"13":1,"14":1,"15":1,"16":5,"17":5,"18":1,"19":2,"20":2,"21":1,"22":1,"23":1},"b":{"1":[1,1,1],"2":[1,0],"3":[0,0],"4":[0,1],"5":[1,1],"6":[2,0],"7":[2,1],"8":[2,0],"9":[0,0],"10":[1,0,0],"11":[1,1,1],"12":[1,0],"13":[1,1]},"f":{"1":1,"2":1,"3":1,"4":5,"5":2},"fnMap":{"1":{"name":"(anonymous_1)","line":2,"loc":{"start":{"line":2,"column":46},"end":{"line":2,"column":87}}},"2":{"name":"(anonymous_2)","line":8,"loc":{"start":{"line":8,"column":46},"end":{"line":8,"column":62}}},"3":{"name":"(anonymous_3)","line":13,"loc":{"start":{"line":13,"column":13},"end":{"line":13,"column":25}}},"4":{"name":"Title","line":14,"loc":{"start":{"line":14,"column":4},"end":{"line":14,"column":25}}},"5":{"name":"(anonymous_5)","line":18,"loc":{"start":{"line":18,"column":30},"end":{"line":18,"column":42}}}},"statementMap":{"1":{"start":{"line":2,"column":0},"end":{"line":7,"column":2}},"2":{"start":{"line":3,"column":4},"end":{"line":3,"column":129}},"3":{"start":{"line":4,"column":4},"end":{"line":5,"column":150}},"4":{"start":{"line":4,"column":79},"end":{"line":4,"column":131}},"5":{"start":{"line":5,"column":9},"end":{"line":5,"column":150}},"6":{"start":{"line":5,"column":58},"end":{"line":5,"column":150}},"7":{"start":{"line":5,"column":81},"end":{"line":5,"column":150}},"8":{"start":{"line":6,"column":4},"end":{"line":6,"column":66}},"9":{"start":{"line":8,"column":0},"end":{"line":10,"column":2}},"10":{"start":{"line":9,"column":4},"end":{"line":9,"column":109}},"11":{"start":{"line":9,"column":79},"end":{"line":9,"column":109}},"12":{"start":{"line":11,"column":0},"end":{"line":11,"column":38}},"13":{"start":{"line":12,"column":0},"end":{"line":12,"column":38}},"14":{"start":{"line":13,"column":0},"end":{"line":31,"column":5}},"15":{"start":{"line":14,"column":4},"end":{"line":17,"column":5}},"16":{"start":{"line":15,"column":8},"end":{"line":15,"column":25}},"17":{"start":{"line":16,"column":8},"end":{"line":16,"column":33}},"18":{"start":{"line":18,"column":4},"end":{"line":25,"column":6}},"19":{"start":{"line":19,"column":8},"end":{"line":19,"column":49}},"20":{"start":{"line":22,"column":8},"end":{"line":24,"column":10}},"21":{"start":{"line":26,"column":4},"end":{"line":29,"column":14}},"22":{"start":{"line":30,"column":4},"end":{"line":30,"column":17}},"23":{"start":{"line":32,"column":0},"end":{"line":32,"column":22}}},"branchMap":{"1":{"line":2,"type":"binary-expr","locations":[{"start":{"line":2,"column":18},"end":{"line":2,"column":22}},{"start":{"line":2,"column":26},"end":{"line":2,"column":41}},{"start":{"line":2,"column":46},"end":{"line":7,"column":1}}]},"2":{"line":3,"type":"cond-expr","locations":[{"start":{"line":3,"column":42},"end":{"line":3,"column":48}},{"start":{"line":3,"column":51},"end":{"line":3,"column":125}}]},"3":{"line":3,"type":"cond-expr","locations":[{"start":{"line":3,"column":67},"end":{"line":3,"column":118}},{"start":{"line":3,"column":121},"end":{"line":3,"column":125}}]},"4":{"line":4,"type":"if","locations":[{"start":{"line":4,"column":4},"end":{"line":4,"column":4}},{"start":{"line":4,"column":4},"end":{"line":4,"column":4}}]},"5":{"line":4,"type":"binary-expr","locations":[{"start":{"line":4,"column":8},"end":{"line":4,"column":35}},{"start":{"line":4,"column":39},"end":{"line":4,"column":77}}]},"6":{"line":5,"type":"if","locations":[{"start":{"line":5,"column":58},"end":{"line":5,"column":58}},{"start":{"line":5,"column":58},"end":{"line":5,"column":58}}]},"7":{"line":5,"type":"binary-expr","locations":[{"start":{"line":5,"column":86},"end":{"line":5,"column":143}},{"start":{"line":5,"column":148},"end":{"line":5,"column":149}}]},"8":{"line":5,"type":"cond-expr","locations":[{"start":{"line":5,"column":94},"end":{"line":5,"column":98}},{"start":{"line":5,"column":101},"end":{"line":5,"column":143}}]},"9":{"line":5,"type":"cond-expr","locations":[{"start":{"line":5,"column":109},"end":{"line":5,"column":126}},{"start":{"line":5,"column":129},"end":{"line":5,"column":143}}]},"10":{"line":6,"type":"binary-expr","locations":[{"start":{"line":6,"column":11},"end":{"line":6,"column":16}},{"start":{"line":6,"column":20},"end":{"line":6,"column":21}},{"start":{"line":6,"column":25},"end":{"line":6,"column":62}}]},"11":{"line":8,"type":"binary-expr","locations":[{"start":{"line":8,"column":18},"end":{"line":8,"column":22}},{"start":{"line":8,"column":26},"end":{"line":8,"column":41}},{"start":{"line":8,"column":46},"end":{"line":10,"column":1}}]},"12":{"line":9,"type":"if","locations":[{"start":{"line":9,"column":4},"end":{"line":9,"column":4}},{"start":{"line":9,"column":4},"end":{"line":9,"column":4}}]},"13":{"line":9,"type":"binary-expr","locations":[{"start":{"line":9,"column":8},"end":{"line":9,"column":35}},{"start":{"line":9,"column":39},"end":{"line":9,"column":77}}]}},"code":["\"use strict\";","var __decorate = (this && this.__decorate) || function (decorators, target, key, desc) {","    var c = arguments.length, r = c < 3 ? target : desc === null ? desc = Object.getOwnPropertyDescriptor(target, key) : desc, d;","    if (typeof Reflect === \"object\" && typeof Reflect.decorate === \"function\") r = Reflect.decorate(decorators, target, key, desc);","    else for (var i = decorators.length - 1; i >= 0; i--) if (d = decorators[i]) r = (c < 3 ? d(r) : c > 3 ? d(target, key, r) : d(target, key)) || r;","    return c > 3 && r && Object.defineProperty(target, key, r), r;","};","var __metadata = (this && this.__metadata) || function (k, v) {","    if (typeof Reflect === \"object\" && typeof Reflect.metadata === \"function\") return Reflect.metadata(k, v);","};","var core_1 = require('angular2/core');","var http_1 = require('angular2/http');","var Title = (function () {","    function Title(http) {","        this.http = http;","        this.value = 'Angular 2';","    }","    Title.prototype.getData = function () {","        console.log('Title#getData(): Get Data');","        // return this.http.get('/assets/data.json')","        // .map(res => res.json());","        return {","            value: 'AngularClass'","        };","    };","    Title = __decorate([","        core_1.Injectable(), ","        __metadata('design:paramtypes', [http_1.Http])","    ], Title);","    return Title;","}());","exports.Title = Title;",""],"l":{"2":1,"3":1,"4":1,"5":2,"6":1,"8":1,"9":1,"11":1,"12":1,"13":1,"14":1,"15":5,"16":5,"18":1,"19":2,"22":2,"26":1,"30":1,"32":1}},
"/Users/colelawrence/Desktop/drone-setup/fantastic/src/app/home/x-large/index.ts":{"path":"/Users/colelawrence/Desktop/drone-setup/fantastic/src/app/home/x-large/index.ts","s":{"1":1,"2":1,"3":1,"4":1,"5":1},"b":{"1":[1,0]},"f":{"1":1},"fnMap":{"1":{"name":"__export","line":2,"loc":{"start":{"line":2,"column":0},"end":{"line":2,"column":21}}}},"statementMap":{"1":{"start":{"line":2,"column":0},"end":{"line":4,"column":1}},"2":{"start":{"line":3,"column":4},"end":{"line":3,"column":71}},"3":{"start":{"line":3,"column":21},"end":{"line":3,"column":71}},"4":{"start":{"line":3,"column":53},"end":{"line":3,"column":71}},"5":{"start":{"line":5,"column":0},"end":{"line":5,"column":41}}},"branchMap":{"1":{"line":3,"type":"if","locations":[{"start":{"line":3,"column":21},"end":{"line":3,"column":21}},{"start":{"line":3,"column":21},"end":{"line":3,"column":21}}]}},"code":["\"use strict\";","function __export(m) {","    for (var p in m) if (!exports.hasOwnProperty(p)) exports[p] = m[p];","}","__export(require('./x-large.directive'));",""],"l":{"2":1,"3":1,"5":1}},
"/Users/colelawrence/Desktop/drone-setup/fantastic/src/app/home/x-large/x-large.directive.ts":{"path":"/Users/colelawrence/Desktop/drone-setup/fantastic/src/app/home/x-large/x-large.directive.ts","s":{"1":1,"2":1,"3":1,"4":0,"5":1,"6":2,"7":2,"8":1,"9":1,"10":1,"11":1,"12":1,"13":1,"14":1,"15":1,"16":1,"17":1,"18":1},"b":{"1":[1,1,1],"2":[1,0],"3":[0,0],"4":[0,1],"5":[1,1],"6":[2,0],"7":[2,1],"8":[2,0],"9":[0,0],"10":[1,0,0],"11":[1,1,1],"12":[1,0],"13":[1,1]},"f":{"1":1,"2":1,"3":1,"4":1},"fnMap":{"1":{"name":"(anonymous_1)","line":2,"loc":{"start":{"line":2,"column":46},"end":{"line":2,"column":87}}},"2":{"name":"(anonymous_2)","line":8,"loc":{"start":{"line":8,"column":46},"end":{"line":8,"column":62}}},"3":{"name":"(anonymous_3)","line":16,"loc":{"start":{"line":16,"column":14},"end":{"line":16,"column":26}}},"4":{"name":"XLarge","line":17,"loc":{"start":{"line":17,"column":4},"end":{"line":17,"column":39}}}},"statementMap":{"1":{"start":{"line":2,"column":0},"end":{"line":7,"column":2}},"2":{"start":{"line":3,"column":4},"end":{"line":3,"column":129}},"3":{"start":{"line":4,"column":4},"end":{"line":5,"column":150}},"4":{"start":{"line":4,"column":79},"end":{"line":4,"column":131}},"5":{"start":{"line":5,"column":9},"end":{"line":5,"column":150}},"6":{"start":{"line":5,"column":58},"end":{"line":5,"column":150}},"7":{"start":{"line":5,"column":81},"end":{"line":5,"column":150}},"8":{"start":{"line":6,"column":4},"end":{"line":6,"column":66}},"9":{"start":{"line":8,"column":0},"end":{"line":10,"column":2}},"10":{"start":{"line":9,"column":4},"end":{"line":9,"column":109}},"11":{"start":{"line":9,"column":79},"end":{"line":9,"column":109}},"12":{"start":{"line":11,"column":0},"end":{"line":11,"column":38}},"13":{"start":{"line":16,"column":0},"end":{"line":31,"column":5}},"14":{"start":{"line":17,"column":4},"end":{"line":23,"column":5}},"15":{"start":{"line":22,"column":8},"end":{"line":22,"column":79}},"16":{"start":{"line":24,"column":4},"end":{"line":29,"column":15}},"17":{"start":{"line":30,"column":4},"end":{"line":30,"column":18}},"18":{"start":{"line":32,"column":0},"end":{"line":32,"column":24}}},"branchMap":{"1":{"line":2,"type":"binary-expr","locations":[{"start":{"line":2,"column":18},"end":{"line":2,"column":22}},{"start":{"line":2,"column":26},"end":{"line":2,"column":41}},{"start":{"line":2,"column":46},"end":{"line":7,"column":1}}]},"2":{"line":3,"type":"cond-expr","locations":[{"start":{"line":3,"column":42},"end":{"line":3,"column":48}},{"start":{"line":3,"column":51},"end":{"line":3,"column":125}}]},"3":{"line":3,"type":"cond-expr","locations":[{"start":{"line":3,"column":67},"end":{"line":3,"column":118}},{"start":{"line":3,"column":121},"end":{"line":3,"column":125}}]},"4":{"line":4,"type":"if","locations":[{"start":{"line":4,"column":4},"end":{"line":4,"column":4}},{"start":{"line":4,"column":4},"end":{"line":4,"column":4}}]},"5":{"line":4,"type":"binary-expr","locations":[{"start":{"line":4,"column":8},"end":{"line":4,"column":35}},{"start":{"line":4,"column":39},"end":{"line":4,"column":77}}]},"6":{"line":5,"type":"if","locations":[{"start":{"line":5,"column":58},"end":{"line":5,"column":58}},{"start":{"line":5,"column":58},"end":{"line":5,"column":58}}]},"7":{"line":5,"type":"binary-expr","locations":[{"start":{"line":5,"column":86},"end":{"line":5,"column":143}},{"start":{"line":5,"column":148},"end":{"line":5,"column":149}}]},"8":{"line":5,"type":"cond-expr","locations":[{"start":{"line":5,"column":94},"end":{"line":5,"column":98}},{"start":{"line":5,"column":101},"end":{"line":5,"column":143}}]},"9":{"line":5,"type":"cond-expr","locations":[{"start":{"line":5,"column":109},"end":{"line":5,"column":126}},{"start":{"line":5,"column":129},"end":{"line":5,"column":143}}]},"10":{"line":6,"type":"binary-expr","locations":[{"start":{"line":6,"column":11},"end":{"line":6,"column":16}},{"start":{"line":6,"column":20},"end":{"line":6,"column":21}},{"start":{"line":6,"column":25},"end":{"line":6,"column":62}}]},"11":{"line":8,"type":"binary-expr","locations":[{"start":{"line":8,"column":18},"end":{"line":8,"column":22}},{"start":{"line":8,"column":26},"end":{"line":8,"column":41}},{"start":{"line":8,"column":46},"end":{"line":10,"column":1}}]},"12":{"line":9,"type":"if","locations":[{"start":{"line":9,"column":4},"end":{"line":9,"column":4}},{"start":{"line":9,"column":4},"end":{"line":9,"column":4}}]},"13":{"line":9,"type":"binary-expr","locations":[{"start":{"line":9,"column":8},"end":{"line":9,"column":35}},{"start":{"line":9,"column":39},"end":{"line":9,"column":77}}]}},"code":["\"use strict\";","var __decorate = (this && this.__decorate) || function (decorators, target, key, desc) {","    var c = arguments.length, r = c < 3 ? target : desc === null ? desc = Object.getOwnPropertyDescriptor(target, key) : desc, d;","    if (typeof Reflect === \"object\" && typeof Reflect.decorate === \"function\") r = Reflect.decorate(decorators, target, key, desc);","    else for (var i = decorators.length - 1; i >= 0; i--) if (d = decorators[i]) r = (c < 3 ? d(r) : c > 3 ? d(target, key, r) : d(target, key)) || r;","    return c > 3 && r && Object.defineProperty(target, key, r), r;","};","var __metadata = (this && this.__metadata) || function (k, v) {","    if (typeof Reflect === \"object\" && typeof Reflect.metadata === \"function\") return Reflect.metadata(k, v);","};","var core_1 = require('angular2/core');","/*"," * Directive"," * XLarge is a simple directive to show how one is made"," */","var XLarge = (function () {","    function XLarge(element, renderer) {","        // simple DOM manipulation to set font size to x-large","        // `nativeElement` is the direct reference to the DOM element","        // element.nativeElement.style.fontSize = 'x-large';","        // for server/webworker support use the renderer","        renderer.setElementStyle(element.nativeElement, 'fontSize', 'x-large');","    }","    XLarge = __decorate([","        core_1.Directive({","            selector: '[x-large]' // using [ ] means selecting attributes","        }), ","        __metadata('design:paramtypes', [core_1.ElementRef, core_1.Renderer])","    ], XLarge);","    return XLarge;","}());","exports.XLarge = XLarge;",""],"l":{"2":1,"3":1,"4":1,"5":2,"6":1,"8":1,"9":1,"11":1,"16":1,"17":1,"22":1,"24":1,"30":1,"32":1}},
"/Users/colelawrence/Desktop/drone-setup/fantastic/src/app/router-active/index.ts":{"path":"/Users/colelawrence/Desktop/drone-setup/fantastic/src/app/router-active/index.ts","s":{"1":1,"2":1,"3":1,"4":1,"5":1},"b":{"1":[1,0]},"f":{"1":1},"fnMap":{"1":{"name":"__export","line":2,"loc":{"start":{"line":2,"column":0},"end":{"line":2,"column":21}}}},"statementMap":{"1":{"start":{"line":2,"column":0},"end":{"line":4,"column":1}},"2":{"start":{"line":3,"column":4},"end":{"line":3,"column":71}},"3":{"start":{"line":3,"column":21},"end":{"line":3,"column":71}},"4":{"start":{"line":3,"column":53},"end":{"line":3,"column":71}},"5":{"start":{"line":6,"column":0},"end":{"line":6,"column":47}}},"branchMap":{"1":{"line":3,"type":"if","locations":[{"start":{"line":3,"column":21},"end":{"line":3,"column":21}},{"start":{"line":3,"column":21},"end":{"line":3,"column":21}}]}},"code":["\"use strict\";","function __export(m) {","    for (var p in m) if (!exports.hasOwnProperty(p)) exports[p] = m[p];","}","// Application level directive","__export(require('./router-active.directive'));",""],"l":{"2":1,"3":1,"6":1}},
"/Users/colelawrence/Desktop/drone-setup/fantastic/src/app/router-active/router-active.directive.ts":{"path":"/Users/colelawrence/Desktop/drone-setup/fantastic/src/app/router-active/router-active.directive.ts","s":{"1":1,"2":2,"3":2,"4":0,"5":2,"6":7,"7":7,"8":2,"9":1,"10":2,"11":2,"12":1,"13":3,"14":3,"15":1,"16":1,"17":1,"18":1,"19":1,"20":1,"21":0,"22":0,"23":0,"24":0,"25":0,"26":0,"27":0,"28":1,"29":0,"30":0,"31":0,"32":0,"33":0,"34":0,"35":1,"36":0,"37":0,"38":0,"39":0,"40":1,"41":0,"42":0,"43":1,"44":0,"45":1,"46":0,"47":1,"48":1,"49":1,"50":1},"b":{"1":[1,1,1],"2":[1,1],"3":[0,1],"4":[0,2],"5":[2,2],"6":[7,0],"7":[7,6],"8":[5,2],"9":[2,0],"10":[2,1,0],"11":[1,1,1],"12":[2,0],"13":[2,2],"14":[1,1,1],"15":[0,0],"16":[0,0],"17":[0,0]},"f":{"1":2,"2":2,"3":3,"4":3,"5":1,"6":0,"7":0,"8":0,"9":0,"10":0,"11":0,"12":0,"13":0},"fnMap":{"1":{"name":"(anonymous_1)","line":2,"loc":{"start":{"line":2,"column":46},"end":{"line":2,"column":87}}},"2":{"name":"(anonymous_2)","line":8,"loc":{"start":{"line":8,"column":46},"end":{"line":8,"column":62}}},"3":{"name":"(anonymous_3)","line":11,"loc":{"start":{"line":11,"column":40},"end":{"line":11,"column":73}}},"4":{"name":"(anonymous_4)","line":12,"loc":{"start":{"line":12,"column":11},"end":{"line":12,"column":34}}},"5":{"name":"(anonymous_5)","line":28,"loc":{"start":{"line":28,"column":20},"end":{"line":28,"column":32}}},"6":{"name":"RouterActive","line":29,"loc":{"start":{"line":29,"column":4},"end":{"line":29,"column":83}}},"7":{"name":"(anonymous_7)","line":38,"loc":{"start":{"line":38,"column":38},"end":{"line":38,"column":50}}},"8":{"name":"(anonymous_8)","line":40,"loc":{"start":{"line":40,"column":42},"end":{"line":40,"column":54}}},"9":{"name":"(anonymous_9)","line":43,"loc":{"start":{"line":43,"column":50},"end":{"line":43,"column":62}}},"10":{"name":"(anonymous_10)","line":49,"loc":{"start":{"line":49,"column":45},"end":{"line":49,"column":57}}},"11":{"name":"(anonymous_11)","line":56,"loc":{"start":{"line":56,"column":42},"end":{"line":56,"column":54}}},"12":{"name":"(anonymous_12)","line":60,"loc":{"start":{"line":60,"column":47},"end":{"line":60,"column":63}}},"13":{"name":"(anonymous_13)","line":63,"loc":{"start":{"line":63,"column":41},"end":{"line":63,"column":53}}}},"statementMap":{"1":{"start":{"line":2,"column":0},"end":{"line":7,"column":2}},"2":{"start":{"line":3,"column":4},"end":{"line":3,"column":129}},"3":{"start":{"line":4,"column":4},"end":{"line":5,"column":150}},"4":{"start":{"line":4,"column":79},"end":{"line":4,"column":131}},"5":{"start":{"line":5,"column":9},"end":{"line":5,"column":150}},"6":{"start":{"line":5,"column":58},"end":{"line":5,"column":150}},"7":{"start":{"line":5,"column":81},"end":{"line":5,"column":150}},"8":{"start":{"line":6,"column":4},"end":{"line":6,"column":66}},"9":{"start":{"line":8,"column":0},"end":{"line":10,"column":2}},"10":{"start":{"line":9,"column":4},"end":{"line":9,"column":109}},"11":{"start":{"line":9,"column":79},"end":{"line":9,"column":109}},"12":{"start":{"line":11,"column":0},"end":{"line":13,"column":2}},"13":{"start":{"line":12,"column":4},"end":{"line":12,"column":73}},"14":{"start":{"line":12,"column":36},"end":{"line":12,"column":71}},"15":{"start":{"line":14,"column":0},"end":{"line":14,"column":42}},"16":{"start":{"line":15,"column":0},"end":{"line":15,"column":49}},"17":{"start":{"line":16,"column":0},"end":{"line":16,"column":38}},"18":{"start":{"line":17,"column":0},"end":{"line":17,"column":42}},"19":{"start":{"line":28,"column":0},"end":{"line":80,"column":5}},"20":{"start":{"line":29,"column":4},"end":{"line":37,"column":5}},"21":{"start":{"line":30,"column":8},"end":{"line":30,"column":29}},"22":{"start":{"line":31,"column":8},"end":{"line":31,"column":31}},"23":{"start":{"line":32,"column":8},"end":{"line":32,"column":33}},"24":{"start":{"line":33,"column":8},"end":{"line":33,"column":37}},"25":{"start":{"line":34,"column":8},"end":{"line":34,"column":33}},"26":{"start":{"line":35,"column":8},"end":{"line":35,"column":41}},"27":{"start":{"line":36,"column":8},"end":{"line":36,"column":73}},"28":{"start":{"line":38,"column":4},"end":{"line":48,"column":6}},"29":{"start":{"line":39,"column":8},"end":{"line":39,"column":25}},"30":{"start":{"line":40,"column":8},"end":{"line":47,"column":11}},"31":{"start":{"line":41,"column":12},"end":{"line":46,"column":13}},"32":{"start":{"line":42,"column":16},"end":{"line":42,"column":37}},"33":{"start":{"line":43,"column":16},"end":{"line":45,"column":19}},"34":{"start":{"line":44,"column":20},"end":{"line":44,"column":41}},"35":{"start":{"line":49,"column":4},"end":{"line":55,"column":6}},"36":{"start":{"line":50,"column":8},"end":{"line":50,"column":33}},"37":{"start":{"line":51,"column":8},"end":{"line":53,"column":9}},"38":{"start":{"line":52,"column":12},"end":{"line":52,"column":35}},"39":{"start":{"line":54,"column":8},"end":{"line":54,"column":22}},"40":{"start":{"line":56,"column":4},"end":{"line":59,"column":6}},"41":{"start":{"line":57,"column":8},"end":{"line":57,"column":57}},"42":{"start":{"line":58,"column":8},"end":{"line":58,"column":94}},"43":{"start":{"line":60,"column":4},"end":{"line":62,"column":6}},"44":{"start":{"line":61,"column":8},"end":{"line":61,"column":69}},"45":{"start":{"line":63,"column":4},"end":{"line":65,"column":6}},"46":{"start":{"line":64,"column":8},"end":{"line":64,"column":95}},"47":{"start":{"line":66,"column":4},"end":{"line":69,"column":55}},"48":{"start":{"line":70,"column":4},"end":{"line":78,"column":21}},"49":{"start":{"line":79,"column":4},"end":{"line":79,"column":24}},"50":{"start":{"line":81,"column":0},"end":{"line":81,"column":36}}},"branchMap":{"1":{"line":2,"type":"binary-expr","locations":[{"start":{"line":2,"column":18},"end":{"line":2,"column":22}},{"start":{"line":2,"column":26},"end":{"line":2,"column":41}},{"start":{"line":2,"column":46},"end":{"line":7,"column":1}}]},"2":{"line":3,"type":"cond-expr","locations":[{"start":{"line":3,"column":42},"end":{"line":3,"column":48}},{"start":{"line":3,"column":51},"end":{"line":3,"column":125}}]},"3":{"line":3,"type":"cond-expr","locations":[{"start":{"line":3,"column":67},"end":{"line":3,"column":118}},{"start":{"line":3,"column":121},"end":{"line":3,"column":125}}]},"4":{"line":4,"type":"if","locations":[{"start":{"line":4,"column":4},"end":{"line":4,"column":4}},{"start":{"line":4,"column":4},"end":{"line":4,"column":4}}]},"5":{"line":4,"type":"binary-expr","locations":[{"start":{"line":4,"column":8},"end":{"line":4,"column":35}},{"start":{"line":4,"column":39},"end":{"line":4,"column":77}}]},"6":{"line":5,"type":"if","locations":[{"start":{"line":5,"column":58},"end":{"line":5,"column":58}},{"start":{"line":5,"column":58},"end":{"line":5,"column":58}}]},"7":{"line":5,"type":"binary-expr","locations":[{"start":{"line":5,"column":86},"end":{"line":5,"column":143}},{"start":{"line":5,"column":148},"end":{"line":5,"column":149}}]},"8":{"line":5,"type":"cond-expr","locations":[{"start":{"line":5,"column":94},"end":{"line":5,"column":98}},{"start":{"line":5,"column":101},"end":{"line":5,"column":143}}]},"9":{"line":5,"type":"cond-expr","locations":[{"start":{"line":5,"column":109},"end":{"line":5,"column":126}},{"start":{"line":5,"column":129},"end":{"line":5,"column":143}}]},"10":{"line":6,"type":"binary-expr","locations":[{"start":{"line":6,"column":11},"end":{"line":6,"column":16}},{"start":{"line":6,"column":20},"end":{"line":6,"column":21}},{"start":{"line":6,"column":25},"end":{"line":6,"column":62}}]},"11":{"line":8,"type":"binary-expr","locations":[{"start":{"line":8,"column":18},"end":{"line":8,"column":22}},{"start":{"line":8,"column":26},"end":{"line":8,"column":41}},{"start":{"line":8,"column":46},"end":{"line":10,"column":1}}]},"12":{"line":9,"type":"if","locations":[{"start":{"line":9,"column":4},"end":{"line":9,"column":4}},{"start":{"line":9,"column":4},"end":{"line":9,"column":4}}]},"13":{"line":9,"type":"binary-expr","locations":[{"start":{"line":9,"column":8},"end":{"line":9,"column":35}},{"start":{"line":9,"column":39},"end":{"line":9,"column":77}}]},"14":{"line":11,"type":"binary-expr","locations":[{"start":{"line":11,"column":15},"end":{"line":11,"column":19}},{"start":{"line":11,"column":23},"end":{"line":11,"column":35}},{"start":{"line":11,"column":40},"end":{"line":13,"column":1}}]},"15":{"line":41,"type":"if","locations":[{"start":{"line":41,"column":12},"end":{"line":41,"column":12}},{"start":{"line":41,"column":12},"end":{"line":41,"column":12}}]},"16":{"line":61,"type":"binary-expr","locations":[{"start":{"line":61,"column":39},"end":{"line":61,"column":43}},{"start":{"line":61,"column":47},"end":{"line":61,"column":68}}]},"17":{"line":64,"type":"cond-expr","locations":[{"start":{"line":64,"column":53},"end":{"line":64,"column":70}},{"start":{"line":64,"column":73},"end":{"line":64,"column":94}}]}},"code":["\"use strict\";","var __decorate = (this && this.__decorate) || function (decorators, target, key, desc) {","    var c = arguments.length, r = c < 3 ? target : desc === null ? desc = Object.getOwnPropertyDescriptor(target, key) : desc, d;","    if (typeof Reflect === \"object\" && typeof Reflect.decorate === \"function\") r = Reflect.decorate(decorators, target, key, desc);","    else for (var i = decorators.length - 1; i >= 0; i--) if (d = decorators[i]) r = (c < 3 ? d(r) : c > 3 ? d(target, key, r) : d(target, key)) || r;","    return c > 3 && r && Object.defineProperty(target, key, r), r;","};","var __metadata = (this && this.__metadata) || function (k, v) {","    if (typeof Reflect === \"object\" && typeof Reflect.metadata === \"function\") return Reflect.metadata(k, v);","};","var __param = (this && this.__param) || function (paramIndex, decorator) {","    return function (target, key) { decorator(target, key, paramIndex); }","};","var router_1 = require('angular2/router');","var lang_1 = require('angular2/src/facade/lang');","var core_1 = require('angular2/core');","var router_2 = require('angular2/router');","/**"," * RouterActive dynamically finds the first element with routerLink and toggles the active class"," *"," * ## Use"," *"," * ```"," * <li router-active=\"active\"><a [routerLink]=\" ['/Home'] \">Home</a></li>"," * <li [routerActive]=\" activeStringValue \"><a [routerLink]=\" ['/Home'] \">Home</a></li>"," * ```"," */","var RouterActive = (function () {","    function RouterActive(router, element, renderer, routerLink, routerActiveAttr) {","        this.router = router;","        this.element = element;","        this.renderer = renderer;","        this.routerLink = routerLink;","        this.routerActive = null;","        this.routerActiveAttr = 'active';","        this.routerActiveAttr = this._defaultAttrValue(routerActiveAttr);","    }","    RouterActive.prototype.ngOnInit = function () {","        var _this = this;","        this.routerLink.changes.subscribe(function () {","            if (_this.routerLink.first) {","                _this._updateClass();","                _this._findRootRouter().subscribe(function () {","                    _this._updateClass();","                });","            }","        });","    };","    RouterActive.prototype._findRootRouter = function () {","        var router = this.router;","        while (lang_1.isPresent(router.parent)) {","            router = router.parent;","        }","        return router;","    };","    RouterActive.prototype._updateClass = function () {","        var active = this.routerLink.first.isRouteActive;","        this.renderer.setElementClass(this.element.nativeElement, this._attrOrProp(), active);","    };","    RouterActive.prototype._defaultAttrValue = function (attr) {","        return this.routerActiveAttr = attr || this.routerActiveAttr;","    };","    RouterActive.prototype._attrOrProp = function () {","        return lang_1.isPresent(this.routerActive) ? this.routerActive : this.routerActiveAttr;","    };","    __decorate([","        core_1.Input(), ","        __metadata('design:type', String)","    ], RouterActive.prototype, \"routerActive\", void 0);","    RouterActive = __decorate([","        core_1.Directive({","            selector: '[router-active], [routerActive]'","        }),","        __param(3, core_1.Query(router_2.RouterLink)),","        __param(4, core_1.Optional()),","        __param(4, core_1.Attribute('router-active')), ","        __metadata('design:paramtypes', [router_1.Router, core_1.ElementRef, core_1.Renderer, core_1.QueryList, String])","    ], RouterActive);","    return RouterActive;","}());","exports.RouterActive = RouterActive;",""],"l":{"2":1,"3":2,"4":2,"5":7,"6":2,"8":1,"9":2,"11":1,"12":3,"14":1,"15":1,"16":1,"17":1,"28":1,"29":1,"30":0,"31":0,"32":0,"33":0,"34":0,"35":0,"36":0,"38":1,"39":0,"40":0,"41":0,"42":0,"43":0,"44":0,"49":1,"50":0,"51":0,"52":0,"54":0,"56":1,"57":0,"58":0,"60":1,"61":0,"63":1,"64":0,"66":1,"70":1,"79":1,"81":1}}}
